<?xml version="1.0" encoding="UTF-8"?>
<testsuite name="com.buyogo.tcm.service.TrainingCenterServiceTest" tests="2" skipped="0" failures="0" errors="0" timestamp="2024-05-20T12:13:30" hostname="5LTPKL3" time="0.654">
  <properties/>
  <testcase name="saveTrainingCenters_test_positive()" classname="com.buyogo.tcm.service.TrainingCenterServiceTest" time="0.569"/>
  <testcase name="getTrainingCenters_test_positive()" classname="com.buyogo.tcm.service.TrainingCenterServiceTest" time="0.083"/>
  <system-out><![CDATA[17:43:26.406 [Test worker] INFO org.springframework.test.context.support.AnnotationConfigContextLoaderUtils -- Could not detect default configuration classes for test class [com.buyogo.tcm.service.TrainingCenterServiceTest]: TrainingCenterServiceTest does not declare any static, non-private, non-final, nested classes annotated with @Configuration.
17:43:26.504 [Test worker] INFO org.springframework.boot.test.context.SpringBootTestContextBootstrapper -- Found @SpringBootConfiguration com.buyogo.tcm.TrainingCenterManagementApplication for test class com.buyogo.tcm.service.TrainingCenterServiceTest

  .   ____          _            __ _ _
 /\\ / ___'_ __ _ _(_)_ __  __ _ \ \ \ \
( ( )\___ | '_ | '_| | '_ \/ _` | \ \ \ \
 \\/  ___)| |_)| | | | | || (_| |  ) ) ) )
  '  |____| .__|_| |_|_| |_\__, | / / / /
 =========|_|==============|___/=/_/_/_/
 :: Spring Boot ::                (v3.2.5)

2024-05-20T17:43:26.832+05:30  INFO 13820 --- [TrainingCenterManagement] [    Test worker] c.b.t.service.TrainingCenterServiceTest  : Starting TrainingCenterServiceTest using Java 17.0.9 with PID 13820 (started by User in D:\sumanta\susmi\project\TrainingCenterManagement)
2024-05-20T17:43:26.834+05:30  INFO 13820 --- [TrainingCenterManagement] [    Test worker] c.b.t.service.TrainingCenterServiceTest  : No active profile set, falling back to 1 default profile: "default"
2024-05-20T17:43:27.567+05:30  INFO 13820 --- [TrainingCenterManagement] [    Test worker] .s.d.r.c.RepositoryConfigurationDelegate : Bootstrapping Spring Data JPA repositories in DEFAULT mode.
2024-05-20T17:43:27.622+05:30  INFO 13820 --- [TrainingCenterManagement] [    Test worker] .s.d.r.c.RepositoryConfigurationDelegate : Finished Spring Data repository scanning in 47 ms. Found 1 JPA repository interface.
2024-05-20T17:43:28.021+05:30  INFO 13820 --- [TrainingCenterManagement] [    Test worker] o.hibernate.jpa.internal.util.LogHelper  : HHH000204: Processing PersistenceUnitInfo [name: default]
2024-05-20T17:43:28.079+05:30  INFO 13820 --- [TrainingCenterManagement] [    Test worker] org.hibernate.Version                    : HHH000412: Hibernate ORM core version 6.4.4.Final
2024-05-20T17:43:28.114+05:30  INFO 13820 --- [TrainingCenterManagement] [    Test worker] o.h.c.internal.RegionFactoryInitiator    : HHH000026: Second-level cache disabled
2024-05-20T17:43:28.362+05:30  INFO 13820 --- [TrainingCenterManagement] [    Test worker] o.s.o.j.p.SpringPersistenceUnitInfo      : No LoadTimeWeaver setup: ignoring JPA class transformer
2024-05-20T17:43:28.392+05:30  INFO 13820 --- [TrainingCenterManagement] [    Test worker] com.zaxxer.hikari.HikariDataSource       : HikariPool-1 - Starting...
2024-05-20T17:43:28.544+05:30  INFO 13820 --- [TrainingCenterManagement] [    Test worker] com.zaxxer.hikari.pool.HikariPool        : HikariPool-1 - Added connection conn0: url=jdbc:h2:mem:trainingCenterManagement user=SUSMITA
2024-05-20T17:43:28.545+05:30  INFO 13820 --- [TrainingCenterManagement] [    Test worker] com.zaxxer.hikari.HikariDataSource       : HikariPool-1 - Start completed.
2024-05-20T17:43:28.567+05:30  WARN 13820 --- [TrainingCenterManagement] [    Test worker] org.hibernate.orm.deprecation            : HHH90000025: H2Dialect does not need to be specified explicitly using 'hibernate.dialect' (remove the property setting and it will be selected by default)
2024-05-20T17:43:29.394+05:30  INFO 13820 --- [TrainingCenterManagement] [    Test worker] o.h.e.t.j.p.i.JtaPlatformInitiator       : HHH000489: No JTA platform available (set 'hibernate.transaction.jta.platform' to enable JTA platform integration)
2024-05-20T17:43:29.431+05:30  INFO 13820 --- [TrainingCenterManagement] [    Test worker] j.LocalContainerEntityManagerFactoryBean : Initialized JPA EntityManagerFactory for persistence unit 'default'
2024-05-20T17:43:29.868+05:30  WARN 13820 --- [TrainingCenterManagement] [    Test worker] JpaBaseConfiguration$JpaWebConfiguration : spring.jpa.open-in-view is enabled by default. Therefore, database queries may be performed during view rendering. Explicitly configure spring.jpa.open-in-view to disable this warning
2024-05-20T17:43:30.258+05:30  INFO 13820 --- [TrainingCenterManagement] [    Test worker] o.s.b.a.h2.H2ConsoleAutoConfiguration    : H2 console available at '/h2-console'. Database available at 'jdbc:h2:mem:trainingCenterManagement'
2024-05-20T17:43:30.344+05:30  INFO 13820 --- [TrainingCenterManagement] [    Test worker] c.b.t.service.TrainingCenterServiceTest  : Started TrainingCenterServiceTest in 3.696 seconds (process running for 4.746)
]]></system-out>
  <system-err><![CDATA[]]></system-err>
</testsuite>
